#-----------------------------------------------------------
# Vivado v2023.2 (64-bit)
# SW Build 4029153 on Fri Oct 13 20:13:54 MDT 2023
# IP Build 4028589 on Sat Oct 14 00:45:43 MDT 2023
# SharedData Build 4025554 on Tue Oct 10 17:18:54 MDT 2023
# Start of session at: Thu Apr 25 20:22:06 2024
# Process ID: 10973
# Current directory: /home/pablo/git/kd240_motor/script
# Command line: vivado -mode tcl -source create_project.tcl
# Log file: /home/pablo/git/kd240_motor/script/vivado.log
# Journal file: /home/pablo/git/kd240_motor/script/vivado.jou
# Running On: miercoles, OS: Linux, CPU Frequency: 400.000 MHz, CPU Physical cores: 12, Host memory: 16054 MB
#-----------------------------------------------------------
source create_project.tcl
# set projectDir ../project
# set projectName kd240_motor
# set bdName kd240_motor_bd
# set srdDir ../src
# set xdcDir ../xdc
# set memDir ../memory_content
# set bdDir ./bd
# create_project -force $projectDir/$projectName.xpr
create_project: Time (s): cpu = 00:00:06 ; elapsed = 00:00:06 . Memory (MB): peak = 1318.309 ; gain = 0.023 ; free physical = 5132 ; free virtual = 13135
# set_property target_language Verilog [current_project]
# set_property board_part xilinx.com:kd240_som:part0:1.0 [current_project]
WARNING: [Project 1-153] The current project device 'xc7a12ticsg325-1l' does not match with the device on the 'XILINX.COM:KD240_SOM:PART0:1.0' board part. A device change to match the device on 'XILINX.COM:KD240_SOM:PART0:1.0' board part is being done. Please upgrade the IP in the project via the upgrade_ip command or by selecting Reports => Reports IP Status.
INFO: [Project 1-152] Project part set to zynquplus (xck24-ubva530-2lv-c)
# add_file [glob $srdDir/*.v]
# add_files [glob $memDir/cos.mem]
# add_files [glob $memDir/sin.mem]
# create_bd_design $bdName
Wrote  : </home/pablo/git/kd240_motor/project/kd240_motor.srcs/sources_1/bd/kd240_motor_bd/kd240_motor_bd.bd> 
# start_gui
WARNING: [Board 49-26] cannot add Board Part xilinx.com:kc705:part0:1.6 available at /media/pablo/ext_ssd0/xilinx/Vivado/2023.2/data/xhub/boards/XilinxBoardStore/boards/Xilinx/kc705/1.6/board.xml as part xc7k325tffg900-2 specified in board_part file is either invalid or not available
WARNING: [Board 49-26] cannot add Board Part xilinx.com:kcu105:part0:1.6 available at /media/pablo/ext_ssd0/xilinx/Vivado/2023.2/data/xhub/boards/XilinxBoardStore/boards/Xilinx/kcu105/1.6/board.xml as part xcku040-ffva1156-2-e specified in board_part file is either invalid or not available
WARNING: [Board 49-26] cannot add Board Part xilinx.com:kcu105:part0:1.7 available at /media/pablo/ext_ssd0/xilinx/Vivado/2023.2/data/xhub/boards/XilinxBoardStore/boards/Xilinx/kcu105/1.7/board.xml as part xcku040-ffva1156-2-e specified in board_part file is either invalid or not available
WARNING: [Board 49-26] cannot add Board Part xilinx.com:kcu116:part0:1.4 available at /media/pablo/ext_ssd0/xilinx/Vivado/2023.2/data/xhub/boards/XilinxBoardStore/boards/Xilinx/kcu116/1.4/board.xml as part xcku5p-ffvb676-2-e specified in board_part file is either invalid or not available
WARNING: [Board 49-26] cannot add Board Part xilinx.com:kcu116:part0:1.5 available at /media/pablo/ext_ssd0/xilinx/Vivado/2023.2/data/xhub/boards/XilinxBoardStore/boards/Xilinx/kcu116/1.5/board.xml as part xcku5p-ffvb676-2-e specified in board_part file is either invalid or not available
WARNING: [Board 49-26] cannot add Board Part xilinx.com:kcu1500:part0:1.2 available at /media/pablo/ext_ssd0/xilinx/Vivado/2023.2/data/xhub/boards/XilinxBoardStore/boards/Xilinx/kcu1500/1.2/board.xml as part xcku115-flvb2104-2-e specified in board_part file is either invalid or not available
WARNING: [Board 49-26] cannot add Board Part xilinx.com:vc707:part0:1.4 available at /media/pablo/ext_ssd0/xilinx/Vivado/2023.2/data/xhub/boards/XilinxBoardStore/boards/Xilinx/vc707/1.4/board.xml as part xc7vx485tffg1761-2 specified in board_part file is either invalid or not available
WARNING: [Board 49-26] cannot add Board Part xilinx.com:vc709:part0:1.8 available at /media/pablo/ext_ssd0/xilinx/Vivado/2023.2/data/xhub/boards/XilinxBoardStore/boards/Xilinx/vc709/1.8/board.xml as part xc7vx690tffg1761-2 specified in board_part file is either invalid or not available
WARNING: [Board 49-26] cannot add Board Part xilinx.com:vck190:part0:2.2 available at /media/pablo/ext_ssd0/xilinx/Vivado/2023.2/data/xhub/boards/XilinxBoardStore/boards/Xilinx/vck190/production/2.2/board.xml as part xcvc1902-vsva2197-2mp-e-s specified in board_part file is either invalid or not available
WARNING: [Board 49-26] cannot add Board Part xilinx.com:vck190:part0:3.0 available at /media/pablo/ext_ssd0/xilinx/Vivado/2023.2/data/xhub/boards/XilinxBoardStore/boards/Xilinx/vck190/production/3.0/board.xml as part xcvc1902-vsva2197-2mp-e-s specified in board_part file is either invalid or not available
WARNING: [Board 49-26] cannot add Board Part xilinx.com:vck190:part0:3.1 available at /media/pablo/ext_ssd0/xilinx/Vivado/2023.2/data/xhub/boards/XilinxBoardStore/boards/Xilinx/vck190/production/3.1/board.xml as part xcvc1902-vsva2197-2mp-e-s specified in board_part file is either invalid or not available
WARNING: [Board 49-26] cannot add Board Part xilinx.com:vck190:part0:3.2 available at /media/pablo/ext_ssd0/xilinx/Vivado/2023.2/data/xhub/boards/XilinxBoardStore/boards/Xilinx/vck190/production/3.2/board.xml as part xcvc1902-vsva2197-2mp-e-s specified in board_part file is either invalid or not available
WARNING: [Board 49-26] cannot add Board Part xilinx.com:vck190_newl:part0:1.0 available at /media/pablo/ext_ssd0/xilinx/Vivado/2023.2/data/xhub/boards/XilinxBoardStore/boards/Xilinx/vck190_newl/production/1.0/board.xml as part xcvc1902-vsva2197-2mp-e-s specified in board_part file is either invalid or not available
WARNING: [Board 49-26] cannot add Board Part xilinx.com:vck190_newl:part0:1.1 available at /media/pablo/ext_ssd0/xilinx/Vivado/2023.2/data/xhub/boards/XilinxBoardStore/boards/Xilinx/vck190_newl/production/1.1/board.xml as part xcvc1902-vsva2197-2mp-e-s specified in board_part file is either invalid or not available
WARNING: [Board 49-26] cannot add Board Part xilinx.com:vcu108:part0:1.6 available at /media/pablo/ext_ssd0/xilinx/Vivado/2023.2/data/xhub/boards/XilinxBoardStore/boards/Xilinx/vcu108/1.6/board.xml as part xcvu095-ffva2104-2-e specified in board_part file is either invalid or not available
WARNING: [Board 49-26] cannot add Board Part xilinx.com:vcu108:part0:1.7 available at /media/pablo/ext_ssd0/xilinx/Vivado/2023.2/data/xhub/boards/XilinxBoardStore/boards/Xilinx/vcu108/1.7/board.xml as part xcvu095-ffva2104-2-e specified in board_part file is either invalid or not available
WARNING: [Board 49-26] cannot add Board Part xilinx.com:vcu110:part0:1.4 available at /media/pablo/ext_ssd0/xilinx/Vivado/2023.2/data/xhub/boards/XilinxBoardStore/boards/Xilinx/vcu110/1.4/board.xml as part xcvu190-flgc2104-2-e specified in board_part file is either invalid or not available
WARNING: [Board 49-26] cannot add Board Part xilinx.com:vcu118:part0:2.0 available at /media/pablo/ext_ssd0/xilinx/Vivado/2023.2/data/xhub/boards/XilinxBoardStore/boards/Xilinx/vcu118/2.0/board.xml as part xcvu9p-flga2104-2l-e specified in board_part file is either invalid or not available
WARNING: [Board 49-26] cannot add Board Part xilinx.com:vcu118:part0:2.3 available at /media/pablo/ext_ssd0/xilinx/Vivado/2023.2/data/xhub/boards/XilinxBoardStore/boards/Xilinx/vcu118/2.3/board.xml as part xcvu9p-flga2104-2l-e specified in board_part file is either invalid or not available
WARNING: [Board 49-26] cannot add Board Part xilinx.com:vcu118:part0:2.4 available at /media/pablo/ext_ssd0/xilinx/Vivado/2023.2/data/xhub/boards/XilinxBoardStore/boards/Xilinx/vcu118/2.4/board.xml as part xcvu9p-flga2104-2l-e specified in board_part file is either invalid or not available
WARNING: [Board 49-26] cannot add Board Part xilinx.com:vcu128:part0:1.0 available at /media/pablo/ext_ssd0/xilinx/Vivado/2023.2/data/xhub/boards/XilinxBoardStore/boards/Xilinx/vcu128/production/1.0/board.xml as part xcvu37p-fsvh2892-2l-e specified in board_part file is either invalid or not available
WARNING: [Board 49-26] cannot add Board Part xilinx.com:vcu129:part0:1.0 available at /media/pablo/ext_ssd0/xilinx/Vivado/2023.2/data/xhub/boards/XilinxBoardStore/boards/Xilinx/vcu129/production/1.0/board.xml as part xcvu29p-fsga2577-2l-e specified in board_part file is either invalid or not available
WARNING: [Board 49-26] cannot add Board Part xilinx.com:vcu1525:part0:1.3 available at /media/pablo/ext_ssd0/xilinx/Vivado/2023.2/data/xhub/boards/XilinxBoardStore/boards/Xilinx/vcu1525/1.3/board.xml as part xcvu9p-fsgd2104-2l-e specified in board_part file is either invalid or not available
WARNING: [Board 49-26] cannot add Board Part xilinx.com:vek280:part0:1.0 available at /media/pablo/ext_ssd0/xilinx/Vivado/2023.2/data/xhub/boards/XilinxBoardStore/boards/Xilinx/vek280/production/1.0/board.xml as part xcve2802-vsvh1760-2mp-e-s specified in board_part file is either invalid or not available
WARNING: [Board 49-26] cannot add Board Part xilinx.com:vek280_es:part0:1.0 available at /media/pablo/ext_ssd0/xilinx/Vivado/2023.2/data/xhub/boards/XilinxBoardStore/boards/Xilinx/vek280/es/rev_a/1.0/board.xml as part xcve2802-vsvh1760-2lp-e-s-es1 specified in board_part file is either invalid or not available
WARNING: [Board 49-26] cannot add Board Part xilinx.com:vek280_es:part0:1.1 available at /media/pablo/ext_ssd0/xilinx/Vivado/2023.2/data/xhub/boards/XilinxBoardStore/boards/Xilinx/vek280/es/rev_a/1.1/board.xml as part xcve2802-vsvh1760-2lp-e-s-es1 specified in board_part file is either invalid or not available
WARNING: [Board 49-26] cannot add Board Part xilinx.com:vek280_es_revb:part0:1.0 available at /media/pablo/ext_ssd0/xilinx/Vivado/2023.2/data/xhub/boards/XilinxBoardStore/boards/Xilinx/vek280/es/rev_b/1.0/board.xml as part xcve2802-vsvh1760-2mp-e-s-es1 specified in board_part file is either invalid or not available
WARNING: [Board 49-26] cannot add Board Part xilinx.com:vek280_es_revb:part0:1.1 available at /media/pablo/ext_ssd0/xilinx/Vivado/2023.2/data/xhub/boards/XilinxBoardStore/boards/Xilinx/vek280/es/rev_b/1.1/board.xml as part xcve2802-vsvh1760-2mp-e-s-es1 specified in board_part file is either invalid or not available
WARNING: [Board 49-26] cannot add Board Part xilinx.com:vermeo_t1_rfsoc:part0:1.0 available at /media/pablo/ext_ssd0/xilinx/Vivado/2023.2/data/xhub/boards/XilinxBoardStore/boards/Xilinx/vermeo_t1_rfsoc/1.0/board.xml as part xczu21dr-ffvd1156-2l-e specified in board_part file is either invalid or not available
WARNING: [Board 49-26] cannot add Board Part xilinx.com:vhk158:part0:1.0 available at /media/pablo/ext_ssd0/xilinx/Vivado/2023.2/data/xhub/boards/XilinxBoardStore/boards/Xilinx/vhk158/production/1.0/board.xml as part xcvh1582-vsva3697-2mp-e-s specified in board_part file is either invalid or not available
WARNING: [Board 49-26] cannot add Board Part xilinx.com:vhk158:part0:1.1 available at /media/pablo/ext_ssd0/xilinx/Vivado/2023.2/data/xhub/boards/XilinxBoardStore/boards/Xilinx/vhk158/production/1.1/board.xml as part xcvh1582-vsva3697-2mp-e-s specified in board_part file is either invalid or not available
WARNING: [Board 49-26] cannot add Board Part xilinx.com:vhk158_es:part0:1.0 available at /media/pablo/ext_ssd0/xilinx/Vivado/2023.2/data/xhub/boards/XilinxBoardStore/boards/Xilinx/vhk158/es/1.0/board.xml as part xcvh1582-vsva3697-2mp-e-s-es1 specified in board_part file is either invalid or not available
WARNING: [Board 49-26] cannot add Board Part xilinx.com:vhk158_es:part0:1.1 available at /media/pablo/ext_ssd0/xilinx/Vivado/2023.2/data/xhub/boards/XilinxBoardStore/boards/Xilinx/vhk158/es/1.1/board.xml as part xcvh1582-vsva3697-2mp-e-s-es1 specified in board_part file is either invalid or not available
WARNING: [Board 49-26] cannot add Board Part xilinx.com:vmk180:part0:2.2 available at /media/pablo/ext_ssd0/xilinx/Vivado/2023.2/data/xhub/boards/XilinxBoardStore/boards/Xilinx/vmk180/production/2.2/board.xml as part xcvm1802-vsva2197-2mp-e-s specified in board_part file is either invalid or not available
WARNING: [Board 49-26] cannot add Board Part xilinx.com:vmk180:part0:3.0 available at /media/pablo/ext_ssd0/xilinx/Vivado/2023.2/data/xhub/boards/XilinxBoardStore/boards/Xilinx/vmk180/production/3.0/board.xml as part xcvm1802-vsva2197-2mp-e-s specified in board_part file is either invalid or not available
WARNING: [Board 49-26] cannot add Board Part xilinx.com:vmk180:part0:3.1 available at /media/pablo/ext_ssd0/xilinx/Vivado/2023.2/data/xhub/boards/XilinxBoardStore/boards/Xilinx/vmk180/production/3.1/board.xml as part xcvm1802-vsva2197-2mp-e-s specified in board_part file is either invalid or not available
WARNING: [Board 49-26] cannot add Board Part xilinx.com:vmk180:part0:3.2 available at /media/pablo/ext_ssd0/xilinx/Vivado/2023.2/data/xhub/boards/XilinxBoardStore/boards/Xilinx/vmk180/production/3.2/board.xml as part xcvm1802-vsva2197-2mp-e-s specified in board_part file is either invalid or not available
WARNING: [Board 49-26] cannot add Board Part xilinx.com:vmk180_newl:part0:1.0 available at /media/pablo/ext_ssd0/xilinx/Vivado/2023.2/data/xhub/boards/XilinxBoardStore/boards/Xilinx/vmk180_newl/production/1.0/board.xml as part xcvm1802-vsva2197-2mp-e-s specified in board_part file is either invalid or not available
WARNING: [Board 49-26] cannot add Board Part xilinx.com:vmk180_newl:part0:1.1 available at /media/pablo/ext_ssd0/xilinx/Vivado/2023.2/data/xhub/boards/XilinxBoardStore/boards/Xilinx/vmk180_newl/production/1.1/board.xml as part xcvm1802-vsva2197-2mp-e-s specified in board_part file is either invalid or not available
WARNING: [Board 49-26] cannot add Board Part xilinx.com:vpk120:part0:1.0 available at /media/pablo/ext_ssd0/xilinx/Vivado/2023.2/data/xhub/boards/XilinxBoardStore/boards/Xilinx/vpk120/production/1.0/board.xml as part xcvp1202-vsva2785-2mp-e-s specified in board_part file is either invalid or not available
WARNING: [Board 49-26] cannot add Board Part xilinx.com:vpk120:part0:1.1 available at /media/pablo/ext_ssd0/xilinx/Vivado/2023.2/data/xhub/boards/XilinxBoardStore/boards/Xilinx/vpk120/production/1.1/board.xml as part xcvp1202-vsva2785-2mp-e-s specified in board_part file is either invalid or not available
WARNING: [Board 49-26] cannot add Board Part xilinx.com:vpk120:part0:1.2 available at /media/pablo/ext_ssd0/xilinx/Vivado/2023.2/data/xhub/boards/XilinxBoardStore/boards/Xilinx/vpk120/production/1.2/board.xml as part xcvp1202-vsva2785-2mp-e-s specified in board_part file is either invalid or not available
WARNING: [Board 49-26] cannot add Board Part xilinx.com:vpk180:part0:1.0 available at /media/pablo/ext_ssd0/xilinx/Vivado/2023.2/data/xhub/boards/XilinxBoardStore/boards/Xilinx/vpk180/production/1.0/board.xml as part xcvp1802-lsvc4072-2mp-e-s specified in board_part file is either invalid or not available
WARNING: [Board 49-26] cannot add Board Part xilinx.com:vpk180:part0:1.1 available at /media/pablo/ext_ssd0/xilinx/Vivado/2023.2/data/xhub/boards/XilinxBoardStore/boards/Xilinx/vpk180/production/1.1/board.xml as part xcvp1802-lsvc4072-2mp-e-s specified in board_part file is either invalid or not available
WARNING: [Board 49-26] cannot add Board Part xilinx.com:zcu111:part0:1.2 available at /media/pablo/ext_ssd0/xilinx/Vivado/2023.2/data/xhub/boards/XilinxBoardStore/boards/Xilinx/zcu111/1.2/board.xml as part xczu28dr-ffvg1517-2-e specified in board_part file is either invalid or not available
WARNING: [Board 49-26] cannot add Board Part xilinx.com:zcu111:part0:1.3 available at /media/pablo/ext_ssd0/xilinx/Vivado/2023.2/data/xhub/boards/XilinxBoardStore/boards/Xilinx/zcu111/1.3/board.xml as part xczu28dr-ffvg1517-2-e specified in board_part file is either invalid or not available
WARNING: [Board 49-26] cannot add Board Part xilinx.com:zcu111:part0:1.4 available at /media/pablo/ext_ssd0/xilinx/Vivado/2023.2/data/xhub/boards/XilinxBoardStore/boards/Xilinx/zcu111/1.4/board.xml as part xczu28dr-ffvg1517-2-e specified in board_part file is either invalid or not available
WARNING: [Board 49-26] cannot add Board Part xilinx.com:zcu1275:part0:1.0 available at /media/pablo/ext_ssd0/xilinx/Vivado/2023.2/data/xhub/boards/XilinxBoardStore/boards/Xilinx/zcu1275/1.0/board.xml as part xczu29dr-ffvf1760-2-e specified in board_part file is either invalid or not available
WARNING: [Board 49-26] cannot add Board Part xilinx.com:zcu1285:part0:1.0 available at /media/pablo/ext_ssd0/xilinx/Vivado/2023.2/data/xhub/boards/XilinxBoardStore/boards/Xilinx/zcu1285/1.0/board.xml as part xczu39dr-ffvf1760-2-i specified in board_part file is either invalid or not available
WARNING: [Board 49-26] cannot add Board Part xilinx.com:zcu208:part0:2.0 available at /media/pablo/ext_ssd0/xilinx/Vivado/2023.2/data/xhub/boards/XilinxBoardStore/boards/Xilinx/zcu208/production/2.0/board.xml as part xczu48dr-fsvg1517-2-e specified in board_part file is either invalid or not available
WARNING: [Board 49-26] cannot add Board Part xilinx.com:zcu208ld:part0:2.0 available at /media/pablo/ext_ssd0/xilinx/Vivado/2023.2/data/xhub/boards/XilinxBoardStore/boards/Xilinx/zcu208ld/production/2.0/board.xml as part xczu58dr-fsvg1517-2-i specified in board_part file is either invalid or not available
WARNING: [Board 49-26] cannot add Board Part xilinx.com:zcu216:part0:2.0 available at /media/pablo/ext_ssd0/xilinx/Vivado/2023.2/data/xhub/boards/XilinxBoardStore/boards/Xilinx/zcu216/production/2.0/board.xml as part xczu49dr-ffvf1760-2-e specified in board_part file is either invalid or not available
WARNING: [Board 49-26] cannot add Board Part xilinx.com:zcu216ld:part0:2.0 available at /media/pablo/ext_ssd0/xilinx/Vivado/2023.2/data/xhub/boards/XilinxBoardStore/boards/Xilinx/zcu216ld/production/2.0/board.xml as part xczu59dr-ffvf1760-2-i specified in board_part file is either invalid or not available
WARNING: [Board 49-26] cannot add Board Part xilinx.com:zcu670:part0:2.0 available at /media/pablo/ext_ssd0/xilinx/Vivado/2023.2/data/xhub/boards/XilinxBoardStore/boards/Xilinx/zcu670/2.0/board.xml as part xczu67dr-fsve1156-2-i specified in board_part file is either invalid or not available
WARNING: [Board 49-26] cannot add Board Part xilinx.com:zcu670ld:part0:1.0 available at /media/pablo/ext_ssd0/xilinx/Vivado/2023.2/data/xhub/boards/XilinxBoardStore/boards/Xilinx/zcu670ld/1.0/board.xml as part xczu57dr-fsve1156-2-i specified in board_part file is either invalid or not available
update_compile_order -fileset sources_1
update_compile_order -fileset sources_1
create_bd_cell -type module -reference angle_gen angle_gen_0
INFO: [IP_Flow 19-5107] Inferred bus interface 'resetn' of definition 'xilinx.com:signal:reset:1.0' (from Xilinx Repository).
INFO: [IP_Flow 19-5107] Inferred bus interface 'aclk' of definition 'xilinx.com:signal:clock:1.0' (from Xilinx Repository).
INFO: [IP_Flow 19-4728] Bus Interface 'resetn': Added interface parameter 'POLARITY' with value 'ACTIVE_LOW'.
INFO: [IP_Flow 19-4728] Bus Interface 'aclk': Added interface parameter 'ASSOCIATED_RESET' with value 'resetn'.
WARNING: [IP_Flow 19-5661] Bus Interface 'aclk' does not have any bus interfaces associated with it.
WARNING: [IP_Flow 19-11770] Clock interface 'aclk' has no FREQ_HZ parameter.
create_bd_cell -type module -reference dq2abc dq2abc_0
INFO: [IP_Flow 19-5107] Inferred bus interface 'resetn' of definition 'xilinx.com:signal:reset:1.0' (from Xilinx Repository).
INFO: [IP_Flow 19-5107] Inferred bus interface 'aclk' of definition 'xilinx.com:signal:clock:1.0' (from Xilinx Repository).
INFO: [IP_Flow 19-4728] Bus Interface 'resetn': Added interface parameter 'POLARITY' with value 'ACTIVE_LOW'.
INFO: [IP_Flow 19-4728] Bus Interface 'aclk': Added interface parameter 'ASSOCIATED_RESET' with value 'resetn'.
WARNING: [IP_Flow 19-5661] Bus Interface 'aclk' does not have any bus interfaces associated with it.
WARNING: [IP_Flow 19-11770] Clock interface 'aclk' has no FREQ_HZ parameter.
create_bd_cell -type module -reference modulator_pwm_gain modulator_pwm_gain_0
INFO: [IP_Flow 19-5107] Inferred bus interface 'resetn' of definition 'xilinx.com:signal:reset:1.0' (from Xilinx Repository).
INFO: [IP_Flow 19-5107] Inferred bus interface 'aclk' of definition 'xilinx.com:signal:clock:1.0' (from Xilinx Repository).
INFO: [IP_Flow 19-4728] Bus Interface 'resetn': Added interface parameter 'POLARITY' with value 'ACTIVE_LOW'.
INFO: [IP_Flow 19-4728] Bus Interface 'aclk': Added interface parameter 'ASSOCIATED_RESET' with value 'resetn'.
WARNING: [IP_Flow 19-5661] Bus Interface 'aclk' does not have any bus interfaces associated with it.
WARNING: [IP_Flow 19-11770] Clock interface 'aclk' has no FREQ_HZ parameter.
create_bd_cell -type module -reference three_phase_modulator three_phase_modulator_0
INFO: [IP_Flow 19-5107] Inferred bus interface 'resetn' of definition 'xilinx.com:signal:reset:1.0' (from Xilinx Repository).
INFO: [IP_Flow 19-5107] Inferred bus interface 'aclk' of definition 'xilinx.com:signal:clock:1.0' (from Xilinx Repository).
INFO: [IP_Flow 19-4728] Bus Interface 'resetn': Added interface parameter 'POLARITY' with value 'ACTIVE_LOW'.
INFO: [IP_Flow 19-4728] Bus Interface 'aclk': Added interface parameter 'ASSOCIATED_RESET' with value 'resetn'.
WARNING: [IP_Flow 19-5661] Bus Interface 'aclk' does not have any bus interfaces associated with it.
WARNING: [IP_Flow 19-11770] Clock interface 'aclk' has no FREQ_HZ parameter.
set_property location {0.5 -253 -237} [get_bd_cells angle_gen_0]
connect_bd_net [get_bd_pins angle_gen_0/sin] [get_bd_pins dq2abc_0/sin]
connect_bd_net [get_bd_pins angle_gen_0/cos] [get_bd_pins dq2abc_0/cos]
set_property location {3 556 55} [get_bd_cells three_phase_modulator_0]
set_property location {3 572 -152} [get_bd_cells modulator_pwm_gain_0]
connect_bd_net [get_bd_pins modulator_pwm_gain_0/mod_a] [get_bd_pins dq2abc_0/a]
connect_bd_net [get_bd_pins modulator_pwm_gain_0/mod_b] [get_bd_pins dq2abc_0/b]
connect_bd_net [get_bd_pins modulator_pwm_gain_0/mod_c] [get_bd_pins dq2abc_0/c]
set_property location {3.5 907 44} [get_bd_cells three_phase_modulator_0]
connect_bd_net [get_bd_pins three_phase_modulator_0/mod_a] [get_bd_pins modulator_pwm_gain_0/mod_a_gained]
connect_bd_net [get_bd_pins three_phase_modulator_0/mod_b] [get_bd_pins modulator_pwm_gain_0/mod_c_gained]
delete_bd_objs [get_bd_nets modulator_pwm_gain_0_mod_c_gained]
connect_bd_net [get_bd_pins three_phase_modulator_0/mod_b] [get_bd_pins modulator_pwm_gain_0/mod_b_gained]
connect_bd_net [get_bd_pins three_phase_modulator_0/mod_c] [get_bd_pins modulator_pwm_gain_0/mod_c_gained]
connect_bd_net [get_bd_pins three_phase_modulator_0/aclk] [get_bd_pins modulator_pwm_gain_0/aclk]
startgroup
create_bd_cell -type ip -vlnv xilinx.com:ip:zynq_ultra_ps_e:3.5 zynq_ultra_ps_e_0
endgroup
apply_bd_automation -rule xilinx.com:bd_rule:zynq_ultra_ps_e -config {apply_board_preset "1" }  [get_bd_cells zynq_ultra_ps_e_0]
INFO: [PSU-1]  DP_AUDIO clock source: RPLL is also being used by other peripheral clocks. Their outputs may get impacted if any driver changes DP_AUDIO PLL source to support runtime audio change 
INFO: [PSU-1]  DP_AUDIO clock source: RPLL is also being used by other peripheral clocks. Their outputs may get impacted if any driver changes DP_AUDIO PLL source to support runtime audio change 
WARNING: [IP_Flow 19-474] Invalid Parameter 'Component_Name'
INFO: [PSU-1]  DP_AUDIO clock source: RPLL is also being used by other peripheral clocks. Their outputs may get impacted if any driver changes DP_AUDIO PLL source to support runtime audio change 
set_property CONFIG.PSU__FPGA_PL1_ENABLE {0} [get_bd_cells zynq_ultra_ps_e_0]
INFO: [PSU-1]  DP_AUDIO clock source: RPLL is also being used by other peripheral clocks. Their outputs may get impacted if any driver changes DP_AUDIO PLL source to support runtime audio change 
connect_bd_net [get_bd_pins modulator_pwm_gain_0/aclk] [get_bd_pins zynq_ultra_ps_e_0/pl_clk0]
connect_bd_net [get_bd_pins dq2abc_0/aclk] [get_bd_pins zynq_ultra_ps_e_0/pl_clk0]
connect_bd_net [get_bd_pins angle_gen_0/aclk] [get_bd_pins zynq_ultra_ps_e_0/pl_clk0]
connect_bd_net [get_bd_pins angle_gen_0/resetn] [get_bd_pins zynq_ultra_ps_e_0/pl_resetn0]
connect_bd_net [get_bd_pins dq2abc_0/resetn] [get_bd_pins zynq_ultra_ps_e_0/pl_resetn0]
connect_bd_net [get_bd_pins modulator_pwm_gain_0/resetn] [get_bd_pins zynq_ultra_ps_e_0/pl_resetn0]
connect_bd_net [get_bd_pins three_phase_modulator_0/resetn] [get_bd_pins zynq_ultra_ps_e_0/pl_resetn0]
regenerate_bd_layout
set_property location {2 822 -119} [get_bd_cells zynq_ultra_ps_e_0]
set_property location {0.5 452 104} [get_bd_cells angle_gen_0]
set_property location {2 839 82} [get_bd_cells dq2abc_0]
set_property location {2.5 1403 69} [get_bd_cells modulator_pwm_gain_0]
set_property location {3.5 1817 51} [get_bd_cells three_phase_modulator_0]
regenerate_bd_layout -routing
delete_bd_objs [get_bd_cells zynq_ultra_ps_e_0]
WARNING: [Board 49-26] cannot add Board Part xilinx.com:kc705:part0:1.6 available at /media/pablo/ext_ssd0/xilinx/Vivado/2023.2/data/xhub/boards/XilinxBoardStore/boards/Xilinx/kc705/1.6/board.xml as part xc7k325tffg900-2 specified in board_part file is either invalid or not available
WARNING: [Board 49-26] cannot add Board Part xilinx.com:kcu105:part0:1.6 available at /media/pablo/ext_ssd0/xilinx/Vivado/2023.2/data/xhub/boards/XilinxBoardStore/boards/Xilinx/kcu105/1.6/board.xml as part xcku040-ffva1156-2-e specified in board_part file is either invalid or not available
WARNING: [Board 49-26] cannot add Board Part xilinx.com:kcu105:part0:1.7 available at /media/pablo/ext_ssd0/xilinx/Vivado/2023.2/data/xhub/boards/XilinxBoardStore/boards/Xilinx/kcu105/1.7/board.xml as part xcku040-ffva1156-2-e specified in board_part file is either invalid or not available
WARNING: [Board 49-26] cannot add Board Part xilinx.com:kcu116:part0:1.4 available at /media/pablo/ext_ssd0/xilinx/Vivado/2023.2/data/xhub/boards/XilinxBoardStore/boards/Xilinx/kcu116/1.4/board.xml as part xcku5p-ffvb676-2-e specified in board_part file is either invalid or not available
WARNING: [Board 49-26] cannot add Board Part xilinx.com:kcu116:part0:1.5 available at /media/pablo/ext_ssd0/xilinx/Vivado/2023.2/data/xhub/boards/XilinxBoardStore/boards/Xilinx/kcu116/1.5/board.xml as part xcku5p-ffvb676-2-e specified in board_part file is either invalid or not available
WARNING: [Board 49-26] cannot add Board Part xilinx.com:kcu1500:part0:1.2 available at /media/pablo/ext_ssd0/xilinx/Vivado/2023.2/data/xhub/boards/XilinxBoardStore/boards/Xilinx/kcu1500/1.2/board.xml as part xcku115-flvb2104-2-e specified in board_part file is either invalid or not available
WARNING: [Board 49-26] cannot add Board Part xilinx.com:vc707:part0:1.4 available at /media/pablo/ext_ssd0/xilinx/Vivado/2023.2/data/xhub/boards/XilinxBoardStore/boards/Xilinx/vc707/1.4/board.xml as part xc7vx485tffg1761-2 specified in board_part file is either invalid or not available
WARNING: [Board 49-26] cannot add Board Part xilinx.com:vc709:part0:1.8 available at /media/pablo/ext_ssd0/xilinx/Vivado/2023.2/data/xhub/boards/XilinxBoardStore/boards/Xilinx/vc709/1.8/board.xml as part xc7vx690tffg1761-2 specified in board_part file is either invalid or not available
WARNING: [Board 49-26] cannot add Board Part xilinx.com:vck190:part0:2.2 available at /media/pablo/ext_ssd0/xilinx/Vivado/2023.2/data/xhub/boards/XilinxBoardStore/boards/Xilinx/vck190/production/2.2/board.xml as part xcvc1902-vsva2197-2mp-e-s specified in board_part file is either invalid or not available
WARNING: [Board 49-26] cannot add Board Part xilinx.com:vck190:part0:3.0 available at /media/pablo/ext_ssd0/xilinx/Vivado/2023.2/data/xhub/boards/XilinxBoardStore/boards/Xilinx/vck190/production/3.0/board.xml as part xcvc1902-vsva2197-2mp-e-s specified in board_part file is either invalid or not available
WARNING: [Board 49-26] cannot add Board Part xilinx.com:vck190:part0:3.1 available at /media/pablo/ext_ssd0/xilinx/Vivado/2023.2/data/xhub/boards/XilinxBoardStore/boards/Xilinx/vck190/production/3.1/board.xml as part xcvc1902-vsva2197-2mp-e-s specified in board_part file is either invalid or not available
WARNING: [Board 49-26] cannot add Board Part xilinx.com:vck190:part0:3.2 available at /media/pablo/ext_ssd0/xilinx/Vivado/2023.2/data/xhub/boards/XilinxBoardStore/boards/Xilinx/vck190/production/3.2/board.xml as part xcvc1902-vsva2197-2mp-e-s specified in board_part file is either invalid or not available
WARNING: [Board 49-26] cannot add Board Part xilinx.com:vck190_newl:part0:1.0 available at /media/pablo/ext_ssd0/xilinx/Vivado/2023.2/data/xhub/boards/XilinxBoardStore/boards/Xilinx/vck190_newl/production/1.0/board.xml as part xcvc1902-vsva2197-2mp-e-s specified in board_part file is either invalid or not available
WARNING: [Board 49-26] cannot add Board Part xilinx.com:vck190_newl:part0:1.1 available at /media/pablo/ext_ssd0/xilinx/Vivado/2023.2/data/xhub/boards/XilinxBoardStore/boards/Xilinx/vck190_newl/production/1.1/board.xml as part xcvc1902-vsva2197-2mp-e-s specified in board_part file is either invalid or not available
WARNING: [Board 49-26] cannot add Board Part xilinx.com:vcu108:part0:1.6 available at /media/pablo/ext_ssd0/xilinx/Vivado/2023.2/data/xhub/boards/XilinxBoardStore/boards/Xilinx/vcu108/1.6/board.xml as part xcvu095-ffva2104-2-e specified in board_part file is either invalid or not available
WARNING: [Board 49-26] cannot add Board Part xilinx.com:vcu108:part0:1.7 available at /media/pablo/ext_ssd0/xilinx/Vivado/2023.2/data/xhub/boards/XilinxBoardStore/boards/Xilinx/vcu108/1.7/board.xml as part xcvu095-ffva2104-2-e specified in board_part file is either invalid or not available
WARNING: [Board 49-26] cannot add Board Part xilinx.com:vcu110:part0:1.4 available at /media/pablo/ext_ssd0/xilinx/Vivado/2023.2/data/xhub/boards/XilinxBoardStore/boards/Xilinx/vcu110/1.4/board.xml as part xcvu190-flgc2104-2-e specified in board_part file is either invalid or not available
WARNING: [Board 49-26] cannot add Board Part xilinx.com:vcu118:part0:2.0 available at /media/pablo/ext_ssd0/xilinx/Vivado/2023.2/data/xhub/boards/XilinxBoardStore/boards/Xilinx/vcu118/2.0/board.xml as part xcvu9p-flga2104-2l-e specified in board_part file is either invalid or not available
WARNING: [Board 49-26] cannot add Board Part xilinx.com:vcu118:part0:2.3 available at /media/pablo/ext_ssd0/xilinx/Vivado/2023.2/data/xhub/boards/XilinxBoardStore/boards/Xilinx/vcu118/2.3/board.xml as part xcvu9p-flga2104-2l-e specified in board_part file is either invalid or not available
WARNING: [Board 49-26] cannot add Board Part xilinx.com:vcu118:part0:2.4 available at /media/pablo/ext_ssd0/xilinx/Vivado/2023.2/data/xhub/boards/XilinxBoardStore/boards/Xilinx/vcu118/2.4/board.xml as part xcvu9p-flga2104-2l-e specified in board_part file is either invalid or not available
WARNING: [Board 49-26] cannot add Board Part xilinx.com:vcu128:part0:1.0 available at /media/pablo/ext_ssd0/xilinx/Vivado/2023.2/data/xhub/boards/XilinxBoardStore/boards/Xilinx/vcu128/production/1.0/board.xml as part xcvu37p-fsvh2892-2l-e specified in board_part file is either invalid or not available
WARNING: [Board 49-26] cannot add Board Part xilinx.com:vcu129:part0:1.0 available at /media/pablo/ext_ssd0/xilinx/Vivado/2023.2/data/xhub/boards/XilinxBoardStore/boards/Xilinx/vcu129/production/1.0/board.xml as part xcvu29p-fsga2577-2l-e specified in board_part file is either invalid or not available
WARNING: [Board 49-26] cannot add Board Part xilinx.com:vcu1525:part0:1.3 available at /media/pablo/ext_ssd0/xilinx/Vivado/2023.2/data/xhub/boards/XilinxBoardStore/boards/Xilinx/vcu1525/1.3/board.xml as part xcvu9p-fsgd2104-2l-e specified in board_part file is either invalid or not available
WARNING: [Board 49-26] cannot add Board Part xilinx.com:vek280:part0:1.0 available at /media/pablo/ext_ssd0/xilinx/Vivado/2023.2/data/xhub/boards/XilinxBoardStore/boards/Xilinx/vek280/production/1.0/board.xml as part xcve2802-vsvh1760-2mp-e-s specified in board_part file is either invalid or not available
WARNING: [Board 49-26] cannot add Board Part xilinx.com:vek280_es:part0:1.0 available at /media/pablo/ext_ssd0/xilinx/Vivado/2023.2/data/xhub/boards/XilinxBoardStore/boards/Xilinx/vek280/es/rev_a/1.0/board.xml as part xcve2802-vsvh1760-2lp-e-s-es1 specified in board_part file is either invalid or not available
WARNING: [Board 49-26] cannot add Board Part xilinx.com:vek280_es:part0:1.1 available at /media/pablo/ext_ssd0/xilinx/Vivado/2023.2/data/xhub/boards/XilinxBoardStore/boards/Xilinx/vek280/es/rev_a/1.1/board.xml as part xcve2802-vsvh1760-2lp-e-s-es1 specified in board_part file is either invalid or not available
WARNING: [Board 49-26] cannot add Board Part xilinx.com:vek280_es_revb:part0:1.0 available at /media/pablo/ext_ssd0/xilinx/Vivado/2023.2/data/xhub/boards/XilinxBoardStore/boards/Xilinx/vek280/es/rev_b/1.0/board.xml as part xcve2802-vsvh1760-2mp-e-s-es1 specified in board_part file is either invalid or not available
WARNING: [Board 49-26] cannot add Board Part xilinx.com:vek280_es_revb:part0:1.1 available at /media/pablo/ext_ssd0/xilinx/Vivado/2023.2/data/xhub/boards/XilinxBoardStore/boards/Xilinx/vek280/es/rev_b/1.1/board.xml as part xcve2802-vsvh1760-2mp-e-s-es1 specified in board_part file is either invalid or not available
WARNING: [Board 49-26] cannot add Board Part xilinx.com:vermeo_t1_rfsoc:part0:1.0 available at /media/pablo/ext_ssd0/xilinx/Vivado/2023.2/data/xhub/boards/XilinxBoardStore/boards/Xilinx/vermeo_t1_rfsoc/1.0/board.xml as part xczu21dr-ffvd1156-2l-e specified in board_part file is either invalid or not available
WARNING: [Board 49-26] cannot add Board Part xilinx.com:vhk158:part0:1.0 available at /media/pablo/ext_ssd0/xilinx/Vivado/2023.2/data/xhub/boards/XilinxBoardStore/boards/Xilinx/vhk158/production/1.0/board.xml as part xcvh1582-vsva3697-2mp-e-s specified in board_part file is either invalid or not available
WARNING: [Board 49-26] cannot add Board Part xilinx.com:vhk158:part0:1.1 available at /media/pablo/ext_ssd0/xilinx/Vivado/2023.2/data/xhub/boards/XilinxBoardStore/boards/Xilinx/vhk158/production/1.1/board.xml as part xcvh1582-vsva3697-2mp-e-s specified in board_part file is either invalid or not available
WARNING: [Board 49-26] cannot add Board Part xilinx.com:vhk158_es:part0:1.0 available at /media/pablo/ext_ssd0/xilinx/Vivado/2023.2/data/xhub/boards/XilinxBoardStore/boards/Xilinx/vhk158/es/1.0/board.xml as part xcvh1582-vsva3697-2mp-e-s-es1 specified in board_part file is either invalid or not available
WARNING: [Board 49-26] cannot add Board Part xilinx.com:vhk158_es:part0:1.1 available at /media/pablo/ext_ssd0/xilinx/Vivado/2023.2/data/xhub/boards/XilinxBoardStore/boards/Xilinx/vhk158/es/1.1/board.xml as part xcvh1582-vsva3697-2mp-e-s-es1 specified in board_part file is either invalid or not available
WARNING: [Board 49-26] cannot add Board Part xilinx.com:vmk180:part0:2.2 available at /media/pablo/ext_ssd0/xilinx/Vivado/2023.2/data/xhub/boards/XilinxBoardStore/boards/Xilinx/vmk180/production/2.2/board.xml as part xcvm1802-vsva2197-2mp-e-s specified in board_part file is either invalid or not available
WARNING: [Board 49-26] cannot add Board Part xilinx.com:vmk180:part0:3.0 available at /media/pablo/ext_ssd0/xilinx/Vivado/2023.2/data/xhub/boards/XilinxBoardStore/boards/Xilinx/vmk180/production/3.0/board.xml as part xcvm1802-vsva2197-2mp-e-s specified in board_part file is either invalid or not available
WARNING: [Board 49-26] cannot add Board Part xilinx.com:vmk180:part0:3.1 available at /media/pablo/ext_ssd0/xilinx/Vivado/2023.2/data/xhub/boards/XilinxBoardStore/boards/Xilinx/vmk180/production/3.1/board.xml as part xcvm1802-vsva2197-2mp-e-s specified in board_part file is either invalid or not available
WARNING: [Board 49-26] cannot add Board Part xilinx.com:vmk180:part0:3.2 available at /media/pablo/ext_ssd0/xilinx/Vivado/2023.2/data/xhub/boards/XilinxBoardStore/boards/Xilinx/vmk180/production/3.2/board.xml as part xcvm1802-vsva2197-2mp-e-s specified in board_part file is either invalid or not available
WARNING: [Board 49-26] cannot add Board Part xilinx.com:vmk180_newl:part0:1.0 available at /media/pablo/ext_ssd0/xilinx/Vivado/2023.2/data/xhub/boards/XilinxBoardStore/boards/Xilinx/vmk180_newl/production/1.0/board.xml as part xcvm1802-vsva2197-2mp-e-s specified in board_part file is either invalid or not available
WARNING: [Board 49-26] cannot add Board Part xilinx.com:vmk180_newl:part0:1.1 available at /media/pablo/ext_ssd0/xilinx/Vivado/2023.2/data/xhub/boards/XilinxBoardStore/boards/Xilinx/vmk180_newl/production/1.1/board.xml as part xcvm1802-vsva2197-2mp-e-s specified in board_part file is either invalid or not available
WARNING: [Board 49-26] cannot add Board Part xilinx.com:vpk120:part0:1.0 available at /media/pablo/ext_ssd0/xilinx/Vivado/2023.2/data/xhub/boards/XilinxBoardStore/boards/Xilinx/vpk120/production/1.0/board.xml as part xcvp1202-vsva2785-2mp-e-s specified in board_part file is either invalid or not available
WARNING: [Board 49-26] cannot add Board Part xilinx.com:vpk120:part0:1.1 available at /media/pablo/ext_ssd0/xilinx/Vivado/2023.2/data/xhub/boards/XilinxBoardStore/boards/Xilinx/vpk120/production/1.1/board.xml as part xcvp1202-vsva2785-2mp-e-s specified in board_part file is either invalid or not available
WARNING: [Board 49-26] cannot add Board Part xilinx.com:vpk120:part0:1.2 available at /media/pablo/ext_ssd0/xilinx/Vivado/2023.2/data/xhub/boards/XilinxBoardStore/boards/Xilinx/vpk120/production/1.2/board.xml as part xcvp1202-vsva2785-2mp-e-s specified in board_part file is either invalid or not available
WARNING: [Board 49-26] cannot add Board Part xilinx.com:vpk180:part0:1.0 available at /media/pablo/ext_ssd0/xilinx/Vivado/2023.2/data/xhub/boards/XilinxBoardStore/boards/Xilinx/vpk180/production/1.0/board.xml as part xcvp1802-lsvc4072-2mp-e-s specified in board_part file is either invalid or not available
WARNING: [Board 49-26] cannot add Board Part xilinx.com:vpk180:part0:1.1 available at /media/pablo/ext_ssd0/xilinx/Vivado/2023.2/data/xhub/boards/XilinxBoardStore/boards/Xilinx/vpk180/production/1.1/board.xml as part xcvp1802-lsvc4072-2mp-e-s specified in board_part file is either invalid or not available
WARNING: [Board 49-26] cannot add Board Part xilinx.com:zcu111:part0:1.2 available at /media/pablo/ext_ssd0/xilinx/Vivado/2023.2/data/xhub/boards/XilinxBoardStore/boards/Xilinx/zcu111/1.2/board.xml as part xczu28dr-ffvg1517-2-e specified in board_part file is either invalid or not available
WARNING: [Board 49-26] cannot add Board Part xilinx.com:zcu111:part0:1.3 available at /media/pablo/ext_ssd0/xilinx/Vivado/2023.2/data/xhub/boards/XilinxBoardStore/boards/Xilinx/zcu111/1.3/board.xml as part xczu28dr-ffvg1517-2-e specified in board_part file is either invalid or not available
WARNING: [Board 49-26] cannot add Board Part xilinx.com:zcu111:part0:1.4 available at /media/pablo/ext_ssd0/xilinx/Vivado/2023.2/data/xhub/boards/XilinxBoardStore/boards/Xilinx/zcu111/1.4/board.xml as part xczu28dr-ffvg1517-2-e specified in board_part file is either invalid or not available
WARNING: [Board 49-26] cannot add Board Part xilinx.com:zcu1275:part0:1.0 available at /media/pablo/ext_ssd0/xilinx/Vivado/2023.2/data/xhub/boards/XilinxBoardStore/boards/Xilinx/zcu1275/1.0/board.xml as part xczu29dr-ffvf1760-2-e specified in board_part file is either invalid or not available
WARNING: [Board 49-26] cannot add Board Part xilinx.com:zcu1285:part0:1.0 available at /media/pablo/ext_ssd0/xilinx/Vivado/2023.2/data/xhub/boards/XilinxBoardStore/boards/Xilinx/zcu1285/1.0/board.xml as part xczu39dr-ffvf1760-2-i specified in board_part file is either invalid or not available
WARNING: [Board 49-26] cannot add Board Part xilinx.com:zcu208:part0:2.0 available at /media/pablo/ext_ssd0/xilinx/Vivado/2023.2/data/xhub/boards/XilinxBoardStore/boards/Xilinx/zcu208/production/2.0/board.xml as part xczu48dr-fsvg1517-2-e specified in board_part file is either invalid or not available
WARNING: [Board 49-26] cannot add Board Part xilinx.com:zcu208ld:part0:2.0 available at /media/pablo/ext_ssd0/xilinx/Vivado/2023.2/data/xhub/boards/XilinxBoardStore/boards/Xilinx/zcu208ld/production/2.0/board.xml as part xczu58dr-fsvg1517-2-i specified in board_part file is either invalid or not available
WARNING: [Board 49-26] cannot add Board Part xilinx.com:zcu216:part0:2.0 available at /media/pablo/ext_ssd0/xilinx/Vivado/2023.2/data/xhub/boards/XilinxBoardStore/boards/Xilinx/zcu216/production/2.0/board.xml as part xczu49dr-ffvf1760-2-e specified in board_part file is either invalid or not available
WARNING: [Board 49-26] cannot add Board Part xilinx.com:zcu216ld:part0:2.0 available at /media/pablo/ext_ssd0/xilinx/Vivado/2023.2/data/xhub/boards/XilinxBoardStore/boards/Xilinx/zcu216ld/production/2.0/board.xml as part xczu59dr-ffvf1760-2-i specified in board_part file is either invalid or not available
WARNING: [Board 49-26] cannot add Board Part xilinx.com:zcu670:part0:2.0 available at /media/pablo/ext_ssd0/xilinx/Vivado/2023.2/data/xhub/boards/XilinxBoardStore/boards/Xilinx/zcu670/2.0/board.xml as part xczu67dr-fsve1156-2-i specified in board_part file is either invalid or not available
WARNING: [Board 49-26] cannot add Board Part xilinx.com:zcu670ld:part0:1.0 available at /media/pablo/ext_ssd0/xilinx/Vivado/2023.2/data/xhub/boards/XilinxBoardStore/boards/Xilinx/zcu670ld/1.0/board.xml as part xczu57dr-fsve1156-2-i specified in board_part file is either invalid or not available
WARNING: [Board 49-26] cannot add Board Part xilinx.com:kc705:part0:1.6 available at /media/pablo/ext_ssd0/xilinx/Vivado/2023.2/data/xhub/boards/XilinxBoardStore/boards/Xilinx/kc705/1.6/board.xml as part xc7k325tffg900-2 specified in board_part file is either invalid or not available
WARNING: [Board 49-26] cannot add Board Part xilinx.com:kcu105:part0:1.6 available at /media/pablo/ext_ssd0/xilinx/Vivado/2023.2/data/xhub/boards/XilinxBoardStore/boards/Xilinx/kcu105/1.6/board.xml as part xcku040-ffva1156-2-e specified in board_part file is either invalid or not available
WARNING: [Board 49-26] cannot add Board Part xilinx.com:kcu105:part0:1.7 available at /media/pablo/ext_ssd0/xilinx/Vivado/2023.2/data/xhub/boards/XilinxBoardStore/boards/Xilinx/kcu105/1.7/board.xml as part xcku040-ffva1156-2-e specified in board_part file is either invalid or not available
WARNING: [Board 49-26] cannot add Board Part xilinx.com:kcu116:part0:1.4 available at /media/pablo/ext_ssd0/xilinx/Vivado/2023.2/data/xhub/boards/XilinxBoardStore/boards/Xilinx/kcu116/1.4/board.xml as part xcku5p-ffvb676-2-e specified in board_part file is either invalid or not available
WARNING: [Board 49-26] cannot add Board Part xilinx.com:kcu116:part0:1.5 available at /media/pablo/ext_ssd0/xilinx/Vivado/2023.2/data/xhub/boards/XilinxBoardStore/boards/Xilinx/kcu116/1.5/board.xml as part xcku5p-ffvb676-2-e specified in board_part file is either invalid or not available
WARNING: [Board 49-26] cannot add Board Part xilinx.com:kcu1500:part0:1.2 available at /media/pablo/ext_ssd0/xilinx/Vivado/2023.2/data/xhub/boards/XilinxBoardStore/boards/Xilinx/kcu1500/1.2/board.xml as part xcku115-flvb2104-2-e specified in board_part file is either invalid or not available
WARNING: [Board 49-26] cannot add Board Part xilinx.com:vc707:part0:1.4 available at /media/pablo/ext_ssd0/xilinx/Vivado/2023.2/data/xhub/boards/XilinxBoardStore/boards/Xilinx/vc707/1.4/board.xml as part xc7vx485tffg1761-2 specified in board_part file is either invalid or not available
WARNING: [Board 49-26] cannot add Board Part xilinx.com:vc709:part0:1.8 available at /media/pablo/ext_ssd0/xilinx/Vivado/2023.2/data/xhub/boards/XilinxBoardStore/boards/Xilinx/vc709/1.8/board.xml as part xc7vx690tffg1761-2 specified in board_part file is either invalid or not available
WARNING: [Board 49-26] cannot add Board Part xilinx.com:vck190:part0:2.2 available at /media/pablo/ext_ssd0/xilinx/Vivado/2023.2/data/xhub/boards/XilinxBoardStore/boards/Xilinx/vck190/production/2.2/board.xml as part xcvc1902-vsva2197-2mp-e-s specified in board_part file is either invalid or not available
WARNING: [Board 49-26] cannot add Board Part xilinx.com:vck190:part0:3.0 available at /media/pablo/ext_ssd0/xilinx/Vivado/2023.2/data/xhub/boards/XilinxBoardStore/boards/Xilinx/vck190/production/3.0/board.xml as part xcvc1902-vsva2197-2mp-e-s specified in board_part file is either invalid or not available
WARNING: [Board 49-26] cannot add Board Part xilinx.com:vck190:part0:3.1 available at /media/pablo/ext_ssd0/xilinx/Vivado/2023.2/data/xhub/boards/XilinxBoardStore/boards/Xilinx/vck190/production/3.1/board.xml as part xcvc1902-vsva2197-2mp-e-s specified in board_part file is either invalid or not available
WARNING: [Board 49-26] cannot add Board Part xilinx.com:vck190:part0:3.2 available at /media/pablo/ext_ssd0/xilinx/Vivado/2023.2/data/xhub/boards/XilinxBoardStore/boards/Xilinx/vck190/production/3.2/board.xml as part xcvc1902-vsva2197-2mp-e-s specified in board_part file is either invalid or not available
WARNING: [Board 49-26] cannot add Board Part xilinx.com:vck190_newl:part0:1.0 available at /media/pablo/ext_ssd0/xilinx/Vivado/2023.2/data/xhub/boards/XilinxBoardStore/boards/Xilinx/vck190_newl/production/1.0/board.xml as part xcvc1902-vsva2197-2mp-e-s specified in board_part file is either invalid or not available
WARNING: [Board 49-26] cannot add Board Part xilinx.com:vck190_newl:part0:1.1 available at /media/pablo/ext_ssd0/xilinx/Vivado/2023.2/data/xhub/boards/XilinxBoardStore/boards/Xilinx/vck190_newl/production/1.1/board.xml as part xcvc1902-vsva2197-2mp-e-s specified in board_part file is either invalid or not available
WARNING: [Board 49-26] cannot add Board Part xilinx.com:vcu108:part0:1.6 available at /media/pablo/ext_ssd0/xilinx/Vivado/2023.2/data/xhub/boards/XilinxBoardStore/boards/Xilinx/vcu108/1.6/board.xml as part xcvu095-ffva2104-2-e specified in board_part file is either invalid or not available
WARNING: [Board 49-26] cannot add Board Part xilinx.com:vcu108:part0:1.7 available at /media/pablo/ext_ssd0/xilinx/Vivado/2023.2/data/xhub/boards/XilinxBoardStore/boards/Xilinx/vcu108/1.7/board.xml as part xcvu095-ffva2104-2-e specified in board_part file is either invalid or not available
WARNING: [Board 49-26] cannot add Board Part xilinx.com:vcu110:part0:1.4 available at /media/pablo/ext_ssd0/xilinx/Vivado/2023.2/data/xhub/boards/XilinxBoardStore/boards/Xilinx/vcu110/1.4/board.xml as part xcvu190-flgc2104-2-e specified in board_part file is either invalid or not available
WARNING: [Board 49-26] cannot add Board Part xilinx.com:vcu118:part0:2.0 available at /media/pablo/ext_ssd0/xilinx/Vivado/2023.2/data/xhub/boards/XilinxBoardStore/boards/Xilinx/vcu118/2.0/board.xml as part xcvu9p-flga2104-2l-e specified in board_part file is either invalid or not available
WARNING: [Board 49-26] cannot add Board Part xilinx.com:vcu118:part0:2.3 available at /media/pablo/ext_ssd0/xilinx/Vivado/2023.2/data/xhub/boards/XilinxBoardStore/boards/Xilinx/vcu118/2.3/board.xml as part xcvu9p-flga2104-2l-e specified in board_part file is either invalid or not available
WARNING: [Board 49-26] cannot add Board Part xilinx.com:vcu118:part0:2.4 available at /media/pablo/ext_ssd0/xilinx/Vivado/2023.2/data/xhub/boards/XilinxBoardStore/boards/Xilinx/vcu118/2.4/board.xml as part xcvu9p-flga2104-2l-e specified in board_part file is either invalid or not available
WARNING: [Board 49-26] cannot add Board Part xilinx.com:vcu128:part0:1.0 available at /media/pablo/ext_ssd0/xilinx/Vivado/2023.2/data/xhub/boards/XilinxBoardStore/boards/Xilinx/vcu128/production/1.0/board.xml as part xcvu37p-fsvh2892-2l-e specified in board_part file is either invalid or not available
WARNING: [Board 49-26] cannot add Board Part xilinx.com:vcu129:part0:1.0 available at /media/pablo/ext_ssd0/xilinx/Vivado/2023.2/data/xhub/boards/XilinxBoardStore/boards/Xilinx/vcu129/production/1.0/board.xml as part xcvu29p-fsga2577-2l-e specified in board_part file is either invalid or not available
WARNING: [Board 49-26] cannot add Board Part xilinx.com:vcu1525:part0:1.3 available at /media/pablo/ext_ssd0/xilinx/Vivado/2023.2/data/xhub/boards/XilinxBoardStore/boards/Xilinx/vcu1525/1.3/board.xml as part xcvu9p-fsgd2104-2l-e specified in board_part file is either invalid or not available
WARNING: [Board 49-26] cannot add Board Part xilinx.com:vek280:part0:1.0 available at /media/pablo/ext_ssd0/xilinx/Vivado/2023.2/data/xhub/boards/XilinxBoardStore/boards/Xilinx/vek280/production/1.0/board.xml as part xcve2802-vsvh1760-2mp-e-s specified in board_part file is either invalid or not available
WARNING: [Board 49-26] cannot add Board Part xilinx.com:vek280_es:part0:1.0 available at /media/pablo/ext_ssd0/xilinx/Vivado/2023.2/data/xhub/boards/XilinxBoardStore/boards/Xilinx/vek280/es/rev_a/1.0/board.xml as part xcve2802-vsvh1760-2lp-e-s-es1 specified in board_part file is either invalid or not available
WARNING: [Board 49-26] cannot add Board Part xilinx.com:vek280_es:part0:1.1 available at /media/pablo/ext_ssd0/xilinx/Vivado/2023.2/data/xhub/boards/XilinxBoardStore/boards/Xilinx/vek280/es/rev_a/1.1/board.xml as part xcve2802-vsvh1760-2lp-e-s-es1 specified in board_part file is either invalid or not available
WARNING: [Board 49-26] cannot add Board Part xilinx.com:vek280_es_revb:part0:1.0 available at /media/pablo/ext_ssd0/xilinx/Vivado/2023.2/data/xhub/boards/XilinxBoardStore/boards/Xilinx/vek280/es/rev_b/1.0/board.xml as part xcve2802-vsvh1760-2mp-e-s-es1 specified in board_part file is either invalid or not available
WARNING: [Board 49-26] cannot add Board Part xilinx.com:vek280_es_revb:part0:1.1 available at /media/pablo/ext_ssd0/xilinx/Vivado/2023.2/data/xhub/boards/XilinxBoardStore/boards/Xilinx/vek280/es/rev_b/1.1/board.xml as part xcve2802-vsvh1760-2mp-e-s-es1 specified in board_part file is either invalid or not available
WARNING: [Board 49-26] cannot add Board Part xilinx.com:vermeo_t1_rfsoc:part0:1.0 available at /media/pablo/ext_ssd0/xilinx/Vivado/2023.2/data/xhub/boards/XilinxBoardStore/boards/Xilinx/vermeo_t1_rfsoc/1.0/board.xml as part xczu21dr-ffvd1156-2l-e specified in board_part file is either invalid or not available
WARNING: [Board 49-26] cannot add Board Part xilinx.com:vhk158:part0:1.0 available at /media/pablo/ext_ssd0/xilinx/Vivado/2023.2/data/xhub/boards/XilinxBoardStore/boards/Xilinx/vhk158/production/1.0/board.xml as part xcvh1582-vsva3697-2mp-e-s specified in board_part file is either invalid or not available
WARNING: [Board 49-26] cannot add Board Part xilinx.com:vhk158:part0:1.1 available at /media/pablo/ext_ssd0/xilinx/Vivado/2023.2/data/xhub/boards/XilinxBoardStore/boards/Xilinx/vhk158/production/1.1/board.xml as part xcvh1582-vsva3697-2mp-e-s specified in board_part file is either invalid or not available
WARNING: [Board 49-26] cannot add Board Part xilinx.com:vhk158_es:part0:1.0 available at /media/pablo/ext_ssd0/xilinx/Vivado/2023.2/data/xhub/boards/XilinxBoardStore/boards/Xilinx/vhk158/es/1.0/board.xml as part xcvh1582-vsva3697-2mp-e-s-es1 specified in board_part file is either invalid or not available
WARNING: [Board 49-26] cannot add Board Part xilinx.com:vhk158_es:part0:1.1 available at /media/pablo/ext_ssd0/xilinx/Vivado/2023.2/data/xhub/boards/XilinxBoardStore/boards/Xilinx/vhk158/es/1.1/board.xml as part xcvh1582-vsva3697-2mp-e-s-es1 specified in board_part file is either invalid or not available
WARNING: [Board 49-26] cannot add Board Part xilinx.com:vmk180:part0:2.2 available at /media/pablo/ext_ssd0/xilinx/Vivado/2023.2/data/xhub/boards/XilinxBoardStore/boards/Xilinx/vmk180/production/2.2/board.xml as part xcvm1802-vsva2197-2mp-e-s specified in board_part file is either invalid or not available
WARNING: [Board 49-26] cannot add Board Part xilinx.com:vmk180:part0:3.0 available at /media/pablo/ext_ssd0/xilinx/Vivado/2023.2/data/xhub/boards/XilinxBoardStore/boards/Xilinx/vmk180/production/3.0/board.xml as part xcvm1802-vsva2197-2mp-e-s specified in board_part file is either invalid or not available
WARNING: [Board 49-26] cannot add Board Part xilinx.com:vmk180:part0:3.1 available at /media/pablo/ext_ssd0/xilinx/Vivado/2023.2/data/xhub/boards/XilinxBoardStore/boards/Xilinx/vmk180/production/3.1/board.xml as part xcvm1802-vsva2197-2mp-e-s specified in board_part file is either invalid or not available
WARNING: [Board 49-26] cannot add Board Part xilinx.com:vmk180:part0:3.2 available at /media/pablo/ext_ssd0/xilinx/Vivado/2023.2/data/xhub/boards/XilinxBoardStore/boards/Xilinx/vmk180/production/3.2/board.xml as part xcvm1802-vsva2197-2mp-e-s specified in board_part file is either invalid or not available
WARNING: [Board 49-26] cannot add Board Part xilinx.com:vmk180_newl:part0:1.0 available at /media/pablo/ext_ssd0/xilinx/Vivado/2023.2/data/xhub/boards/XilinxBoardStore/boards/Xilinx/vmk180_newl/production/1.0/board.xml as part xcvm1802-vsva2197-2mp-e-s specified in board_part file is either invalid or not available
WARNING: [Board 49-26] cannot add Board Part xilinx.com:vmk180_newl:part0:1.1 available at /media/pablo/ext_ssd0/xilinx/Vivado/2023.2/data/xhub/boards/XilinxBoardStore/boards/Xilinx/vmk180_newl/production/1.1/board.xml as part xcvm1802-vsva2197-2mp-e-s specified in board_part file is either invalid or not available
WARNING: [Board 49-26] cannot add Board Part xilinx.com:vpk120:part0:1.0 available at /media/pablo/ext_ssd0/xilinx/Vivado/2023.2/data/xhub/boards/XilinxBoardStore/boards/Xilinx/vpk120/production/1.0/board.xml as part xcvp1202-vsva2785-2mp-e-s specified in board_part file is either invalid or not available
WARNING: [Board 49-26] cannot add Board Part xilinx.com:vpk120:part0:1.1 available at /media/pablo/ext_ssd0/xilinx/Vivado/2023.2/data/xhub/boards/XilinxBoardStore/boards/Xilinx/vpk120/production/1.1/board.xml as part xcvp1202-vsva2785-2mp-e-s specified in board_part file is either invalid or not available
WARNING: [Board 49-26] cannot add Board Part xilinx.com:vpk120:part0:1.2 available at /media/pablo/ext_ssd0/xilinx/Vivado/2023.2/data/xhub/boards/XilinxBoardStore/boards/Xilinx/vpk120/production/1.2/board.xml as part xcvp1202-vsva2785-2mp-e-s specified in board_part file is either invalid or not available
WARNING: [Board 49-26] cannot add Board Part xilinx.com:vpk180:part0:1.0 available at /media/pablo/ext_ssd0/xilinx/Vivado/2023.2/data/xhub/boards/XilinxBoardStore/boards/Xilinx/vpk180/production/1.0/board.xml as part xcvp1802-lsvc4072-2mp-e-s specified in board_part file is either invalid or not available
WARNING: [Board 49-26] cannot add Board Part xilinx.com:vpk180:part0:1.1 available at /media/pablo/ext_ssd0/xilinx/Vivado/2023.2/data/xhub/boards/XilinxBoardStore/boards/Xilinx/vpk180/production/1.1/board.xml as part xcvp1802-lsvc4072-2mp-e-s specified in board_part file is either invalid or not available
WARNING: [Board 49-26] cannot add Board Part xilinx.com:zcu111:part0:1.2 available at /media/pablo/ext_ssd0/xilinx/Vivado/2023.2/data/xhub/boards/XilinxBoardStore/boards/Xilinx/zcu111/1.2/board.xml as part xczu28dr-ffvg1517-2-e specified in board_part file is either invalid or not available
INFO: [Common 17-14] Message 'Board 49-26' appears 100 times and further instances of the messages will be disabled. Use the Tcl command set_msg_config to change the current settings.
set_property board_part xilinx.com:kd240_som:part0:1.0 [current_project]
set_property board_connections {som240_1_connector xilinx.com:kd240_carrier:som240_1_connector:1.0 som40_2_connector xilinx.com:kd240_carrier:som40_2_connector:1.0} [get_projects ../project/kd240_motor.xpr]
set_property board_part xilinx.com:kd240_som:part0:1.0 [current_project]
set_property board_connections {som240_1_connector xilinx.com:kd240_carrier:som240_1_connector:1.0 som40_2_connector xilinx.com:kd240_carrier:som40_2_connector:1.0} [get_projects ../project/kd240_motor.xpr]
startgroup
create_bd_cell -type ip -vlnv xilinx.com:ip:axi_gpio:2.0 axi_gpio_0
apply_board_connection -board_interface "som240_1_connector_motor_control_gpio" -ip_intf "axi_gpio_0/GPIO" -diagram "kd240_motor_bd" 
INFO: [BoardInterface 100-3] current_bd_design kd240_motor_bd
INFO: [BoardInterface 100-10] set_property CONFIG.USE_BOARD_FLOW true [get_bd_cells -quiet /axi_gpio_0]
INFO: [BoardInterface 100-12] set_property CONFIG.GPIO_BOARD_INTERFACE som240_1_connector_motor_control_gpio [get_bd_cells -quiet /axi_gpio_0]
INFO: [BoardInterface 100-108] create_bd_intf_port -mode Master -vlnv xilinx.com:interface:gpio_rtl:1.0 som240_1_connector_motor_control_gpio
INFO: [BoardInterface 100-109] connect_bd_intf_net /som240_1_connector_motor_control_gpio /axi_gpio_0/GPIO
endgroup
delete_bd_objs [get_bd_intf_nets axi_gpio_0_GPIO] [get_bd_cells axi_gpio_0]
delete_bd_objs [get_bd_intf_ports som240_1_connector_motor_control_gpio]
add_files -fileset constrs_1 -norecurse /home/pablo/git/kd240_motor/xdc/kd240_motor.xdc
startgroup
create_bd_cell -type ip -vlnv xilinx.com:ip:clk_wiz:6.0 clk_wiz_0
INFO: [Device 21-403] Loading part xck24-ubva530-2LV-c
create_bd_cell: Time (s): cpu = 00:00:10 ; elapsed = 00:00:10 . Memory (MB): peak = 9248.555 ; gain = 1040.020 ; free physical = 2172 ; free virtual = 10651
endgroup
set_property -dict [list CONFIG.PRIM_IN_FREQ.VALUE_SRC USER] [get_bd_cells clk_wiz_0]
set_property -dict [list \
  CONFIG.CLKIN1_JITTER_PS {400.0} \
  CONFIG.CLKOUT1_JITTER {190.517} \
  CONFIG.CLKOUT1_PHASE_ERROR {222.305} \
  CONFIG.CLK_OUT1_PORT {clk100mhz} \
  CONFIG.MMCM_CLKFBOUT_MULT_F {48.000} \
  CONFIG.MMCM_CLKIN1_PERIOD {40.000} \
  CONFIG.MMCM_CLKIN2_PERIOD {10.0} \
  CONFIG.OPTIMIZE_CLOCKING_STRUCTURE_EN {true} \
  CONFIG.PRIM_IN_FREQ {25} \
  CONFIG.USE_RESET {false} \
] [get_bd_cells clk_wiz_0]
connect_bd_net [get_bd_pins clk_wiz_0/locked] [get_bd_pins angle_gen_0/resetn]
connect_bd_net [get_bd_pins clk_wiz_0/clk100mhz] [get_bd_pins three_phase_modulator_0/aclk]
startgroup
create_bd_port -dir I -type clk -freq_hz 25000000 clk_in1
connect_bd_net [get_bd_pins /clk_wiz_0/clk_in1] [get_bd_ports clk_in1]
endgroup
set_property name CLK_IN_gem [get_bd_ports clk_in1]
startgroup
create_bd_cell -type ip -vlnv xilinx.com:ip:vio:3.0 vio_0
endgroup
set_property -dict [list \
  CONFIG.C_NUM_PROBE_IN {3} \
  CONFIG.C_NUM_PROBE_OUT {2} \
] [get_bd_cells vio_0]
connect_bd_net [get_bd_pins vio_0/probe_out0] [get_bd_pins modulator_pwm_gain_0/pwm_period]
connect_bd_net [get_bd_pins three_phase_modulator_0/pwm_period] [get_bd_pins vio_0/probe_out0]
startgroup
set_property CONFIG.C_NUM_PROBE_OUT {3} [get_bd_cells vio_0]
endgroup
connect_bd_net [get_bd_pins vio_0/probe_out1] [get_bd_pins dq2abc_0/d_vector]
connect_bd_net [get_bd_pins angle_gen_0/angle_prescaler] [get_bd_pins vio_0/probe_out2]
connect_bd_net [get_bd_pins vio_0/clk] [get_bd_pins modulator_pwm_gain_0/mod_a_gained]
delete_bd_objs [get_bd_nets modulator_pwm_gain_0_mod_a_gained]
connect_bd_net [get_bd_ports CLK_IN_gem] [get_bd_pins vio_0/clk]
disconnect_bd_net /clk_in1_1 [get_bd_pins vio_0/clk]
connect_bd_net [get_bd_pins vio_0/clk] [get_bd_pins clk_wiz_0/clk100mhz]
connect_bd_net [get_bd_pins vio_0/probe_in0] [get_bd_pins modulator_pwm_gain_0/mod_a_gained]
connect_bd_net [get_bd_pins three_phase_modulator_0/mod_a] [get_bd_pins modulator_pwm_gain_0/mod_a_gained]
connect_bd_net [get_bd_pins vio_0/probe_in1] [get_bd_pins modulator_pwm_gain_0/mod_b_gained]
connect_bd_net [get_bd_pins vio_0/probe_in2] [get_bd_pins modulator_pwm_gain_0/mod_c_gained]
regenerate_bd_layout
startgroup
create_bd_cell -type ip -vlnv xilinx.com:ip:xlconstant:1.1 xlconstant_0
endgroup
connect_bd_net [get_bd_pins xlconstant_0/dout] [get_bd_pins dq2abc_0/q_vector]
expected number but got ""
ERROR: [IP_Flow 19-3317] Tcl Error found in 'validate_PARAM_VALUE.CONST_VAL' method. expected number but got ""
startgroup
set_property -dict [list \
  CONFIG.CONST_VAL {0} \
  CONFIG.CONST_WIDTH {16} \
] [get_bd_cells xlconstant_0]
endgroup
regenerate_bd_layout
startgroup
set_property CONFIG.C_NUM_PROBE_OUT {4} [get_bd_cells vio_0]
endgroup
startgroup
create_bd_port -dir O -from 0 -to 0 probe_out3
connect_bd_net [get_bd_pins /vio_0/probe_out3] [get_bd_ports probe_out3]
endgroup
set_property name gate_drive_en [get_bd_ports probe_out3]
startgroup
create_bd_port -dir O pwm_a
connect_bd_net [get_bd_pins /three_phase_modulator_0/pwm_a] [get_bd_ports pwm_a]
endgroup
startgroup
create_bd_port -dir O pwm_b
connect_bd_net [get_bd_pins /three_phase_modulator_0/pwm_b] [get_bd_ports pwm_b]
endgroup
startgroup
create_bd_port -dir O pwm_c
connect_bd_net [get_bd_pins /three_phase_modulator_0/pwm_c] [get_bd_ports pwm_c]
endgroup
regenerate_bd_layout
set_property name gate_drive_phase_a [get_bd_ports pwm_a]
set_property name gate_drive_phase_b [get_bd_ports pwm_b]
set_property name gate_drive_phase_c [get_bd_ports pwm_c]
save_bd_design
Wrote  : </home/pablo/git/kd240_motor/project/kd240_motor.srcs/sources_1/bd/kd240_motor_bd/kd240_motor_bd.bd> 
Wrote  : </home/pablo/git/kd240_motor/project/kd240_motor.srcs/sources_1/bd/kd240_motor_bd/ui/bd_1287eed6.ui> 
make_wrapper -files [get_files /home/pablo/git/kd240_motor/project/kd240_motor.srcs/sources_1/bd/kd240_motor_bd/kd240_motor_bd.bd] -top
INFO: [xilinx.com:ip:clk_wiz:6.0-1] /clk_wiz_0 clk_wiz propagate
Wrote  : </home/pablo/git/kd240_motor/project/kd240_motor.srcs/sources_1/bd/kd240_motor_bd/kd240_motor_bd.bd> 
CRITICAL WARNING: [BD 41-2383] Width mismatch when connecting input pin '/modulator_pwm_gain_0/pwm_period'(16) to pin '/vio_0/probe_out0'(1) - Only lower order bits will be connected, and other input bits of this pin will be left unconnected.
CRITICAL WARNING: [BD 41-2383] Width mismatch when connecting input pin '/three_phase_modulator_0/pwm_period'(16) to pin '/vio_0/probe_out0'(1) - Only lower order bits will be connected, and other input bits of this pin will be left unconnected.
CRITICAL WARNING: [BD 41-2383] Width mismatch when connecting input pin '/dq2abc_0/d_vector'(16) to pin '/vio_0/probe_out1'(1) - Only lower order bits will be connected, and other input bits of this pin will be left unconnected.
CRITICAL WARNING: [BD 41-2383] Width mismatch when connecting input pin '/angle_gen_0/angle_prescaler'(12) to pin '/vio_0/probe_out2'(1) - Only lower order bits will be connected, and other input bits of this pin will be left unconnected.
Verilog Output written to : /home/pablo/git/kd240_motor/project/kd240_motor.gen/sources_1/bd/kd240_motor_bd/synth/kd240_motor_bd.v
CRITICAL WARNING: [BD 41-2383] Width mismatch when connecting input pin '/modulator_pwm_gain_0/pwm_period'(16) to pin '/vio_0/probe_out0'(1) - Only lower order bits will be connected, and other input bits of this pin will be left unconnected.
CRITICAL WARNING: [BD 41-2383] Width mismatch when connecting input pin '/three_phase_modulator_0/pwm_period'(16) to pin '/vio_0/probe_out0'(1) - Only lower order bits will be connected, and other input bits of this pin will be left unconnected.
CRITICAL WARNING: [BD 41-2383] Width mismatch when connecting input pin '/dq2abc_0/d_vector'(16) to pin '/vio_0/probe_out1'(1) - Only lower order bits will be connected, and other input bits of this pin will be left unconnected.
CRITICAL WARNING: [BD 41-2383] Width mismatch when connecting input pin '/angle_gen_0/angle_prescaler'(12) to pin '/vio_0/probe_out2'(1) - Only lower order bits will be connected, and other input bits of this pin will be left unconnected.
Verilog Output written to : /home/pablo/git/kd240_motor/project/kd240_motor.gen/sources_1/bd/kd240_motor_bd/sim/kd240_motor_bd.v
Verilog Output written to : /home/pablo/git/kd240_motor/project/kd240_motor.gen/sources_1/bd/kd240_motor_bd/hdl/kd240_motor_bd_wrapper.v
add_files -norecurse /home/pablo/git/kd240_motor/project/kd240_motor.gen/sources_1/bd/kd240_motor_bd/hdl/kd240_motor_bd_wrapper.v
update_compile_order -fileset sources_1
update_compile_order -fileset sources_1
startgroup
set_property -dict [list \
  CONFIG.C_PROBE_OUT0_WIDTH {16} \
  CONFIG.C_PROBE_OUT1_WIDTH {16} \
  CONFIG.C_PROBE_OUT2_WIDTH {12} \
] [get_bd_cells vio_0]
endgroup
save_bd_design
Wrote  : </home/pablo/git/kd240_motor/project/kd240_motor.srcs/sources_1/bd/kd240_motor_bd/kd240_motor_bd.bd> 
Wrote  : </home/pablo/git/kd240_motor/project/kd240_motor.srcs/sources_1/bd/kd240_motor_bd/ui/bd_1287eed6.ui> 
launch_runs impl_1 -to_step write_bitstream -jobs 6
INFO: [xilinx.com:ip:clk_wiz:6.0-1] /clk_wiz_0 clk_wiz propagate
Wrote  : </home/pablo/git/kd240_motor/project/kd240_motor.srcs/sources_1/bd/kd240_motor_bd/kd240_motor_bd.bd> 
Verilog Output written to : /home/pablo/git/kd240_motor/project/kd240_motor.gen/sources_1/bd/kd240_motor_bd/synth/kd240_motor_bd.v
Verilog Output written to : /home/pablo/git/kd240_motor/project/kd240_motor.gen/sources_1/bd/kd240_motor_bd/sim/kd240_motor_bd.v
Verilog Output written to : /home/pablo/git/kd240_motor/project/kd240_motor.gen/sources_1/bd/kd240_motor_bd/hdl/kd240_motor_bd_wrapper.v
INFO: [BD 41-1029] Generation completed for the IP Integrator block angle_gen_0 .
INFO: [BD 41-1029] Generation completed for the IP Integrator block dq2abc_0 .
INFO: [BD 41-1029] Generation completed for the IP Integrator block modulator_pwm_gain_0 .
INFO: [BD 41-1029] Generation completed for the IP Integrator block three_phase_modulator_0 .
INFO: [BD 41-1029] Generation completed for the IP Integrator block clk_wiz_0 .
INFO: [BD 41-1029] Generation completed for the IP Integrator block vio_0 .
INFO: [BD 41-1029] Generation completed for the IP Integrator block xlconstant_0 .
Exporting to file /home/pablo/git/kd240_motor/project/kd240_motor.gen/sources_1/bd/kd240_motor_bd/hw_handoff/kd240_motor_bd.hwh
Generated Hardware Definition File /home/pablo/git/kd240_motor/project/kd240_motor.gen/sources_1/bd/kd240_motor_bd/synth/kd240_motor_bd.hwdef
INFO: [IP_Flow 19-6930] IPCACHE: runCacheChecks() number of threads = 8
INFO: [IP_Flow 19-6921] IPCACHE: Adding cache check func to thread queue for IP kd240_motor_bd_angle_gen_0_0
INFO: [IP_Flow 19-6921] IPCACHE: Adding cache check func to thread queue for IP kd240_motor_bd_clk_wiz_0_0
INFO: [IP_Flow 19-6921] IPCACHE: Adding cache check func to thread queue for IP kd240_motor_bd_dq2abc_0_0
INFO: [IP_Flow 19-6921] IPCACHE: Adding cache check func to thread queue for IP kd240_motor_bd_modulator_pwm_gain_0_0
INFO: [IP_Flow 19-6921] IPCACHE: Adding cache check func to thread queue for IP kd240_motor_bd_three_phase_modulator_0_0
INFO: [IP_Flow 19-6921] IPCACHE: Adding cache check func to thread queue for IP kd240_motor_bd_vio_0_0
INFO: [IP_Flow 19-8020] IPCACHE: runCacheChecks() calling threadPool finishWork()
INFO: [IP_Flow 19-6924] IPCACHE: Running cache check for IP inst: kd240_motor_bd_angle_gen_0_0
INFO: [IP_Flow 19-6924] IPCACHE: Running cache check for IP inst: kd240_motor_bd_clk_wiz_0_0
INFO: [IP_Flow 19-6924] IPCACHE: Running cache check for IP inst: kd240_motor_bd_dq2abc_0_0
INFO: [IP_Flow 19-6924] IPCACHE: Running cache check for IP inst: kd240_motor_bd_modulator_pwm_gain_0_0
INFO: [IP_Flow 19-6924] IPCACHE: Running cache check for IP inst: kd240_motor_bd_three_phase_modulator_0_0
INFO: [IP_Flow 19-6924] IPCACHE: Running cache check for IP inst: kd240_motor_bd_vio_0_0
[Thu Apr 25 21:45:49 2024] Launched kd240_motor_bd_clk_wiz_0_0_synth_1, kd240_motor_bd_dq2abc_0_0_synth_1, kd240_motor_bd_vio_0_0_synth_1, kd240_motor_bd_three_phase_modulator_0_0_synth_1, kd240_motor_bd_angle_gen_0_0_synth_1, kd240_motor_bd_modulator_pwm_gain_0_0_synth_1, synth_1...
Run output will be captured here:
kd240_motor_bd_clk_wiz_0_0_synth_1: /home/pablo/git/kd240_motor/project/kd240_motor.runs/kd240_motor_bd_clk_wiz_0_0_synth_1/runme.log
kd240_motor_bd_dq2abc_0_0_synth_1: /home/pablo/git/kd240_motor/project/kd240_motor.runs/kd240_motor_bd_dq2abc_0_0_synth_1/runme.log
kd240_motor_bd_vio_0_0_synth_1: /home/pablo/git/kd240_motor/project/kd240_motor.runs/kd240_motor_bd_vio_0_0_synth_1/runme.log
kd240_motor_bd_three_phase_modulator_0_0_synth_1: /home/pablo/git/kd240_motor/project/kd240_motor.runs/kd240_motor_bd_three_phase_modulator_0_0_synth_1/runme.log
kd240_motor_bd_angle_gen_0_0_synth_1: /home/pablo/git/kd240_motor/project/kd240_motor.runs/kd240_motor_bd_angle_gen_0_0_synth_1/runme.log
kd240_motor_bd_modulator_pwm_gain_0_0_synth_1: /home/pablo/git/kd240_motor/project/kd240_motor.runs/kd240_motor_bd_modulator_pwm_gain_0_0_synth_1/runme.log
synth_1: /home/pablo/git/kd240_motor/project/kd240_motor.runs/synth_1/runme.log
[Thu Apr 25 21:45:49 2024] Launched impl_1...
Run output will be captured here: /home/pablo/git/kd240_motor/project/kd240_motor.runs/impl_1/runme.log
